{"/Users/carolinehughes/nu/cs4530/hw1-handout/dist/Ship.js": {"path":"/Users/carolinehughes/nu/cs4530/hw1-handout/dist/Ship.js","statementMap":{"0":{"start":{"line":2,"column":0},"end":{"line":2,"column":62}},"1":{"start":{"line":4,"column":15},"end":{"line":4,"column":30}},"2":{"start":{"line":7,"column":8},"end":{"line":7,"column":25}},"3":{"start":{"line":8,"column":8},"end":{"line":8,"column":35}},"4":{"start":{"line":10,"column":8},"end":{"line":10,"column":65}},"5":{"start":{"line":13,"column":8},"end":{"line":13,"column":25}},"6":{"start":{"line":16,"column":8},"end":{"line":16,"column":28}},"7":{"start":{"line":19,"column":8},"end":{"line":19,"column":30}},"8":{"start":{"line":22,"column":8},"end":{"line":22,"column":24}},"9":{"start":{"line":26,"column":8},"end":{"line":26,"column":58}},"10":{"start":{"line":26,"column":40},"end":{"line":26,"column":56}},"11":{"start":{"line":30,"column":8},"end":{"line":32,"column":9}},"12":{"start":{"line":31,"column":12},"end":{"line":31,"column":21}},"13":{"start":{"line":33,"column":20},"end":{"line":33,"column":21}},"14":{"start":{"line":34,"column":8},"end":{"line":38,"column":11}},"15":{"start":{"line":35,"column":12},"end":{"line":37,"column":13}},"16":{"start":{"line":36,"column":16},"end":{"line":36,"column":27}},"17":{"start":{"line":40,"column":8},"end":{"line":40,"column":21}},"18":{"start":{"line":43,"column":8},"end":{"line":45,"column":9}},"19":{"start":{"line":44,"column":12},"end":{"line":44,"column":21}},"20":{"start":{"line":46,"column":21},"end":{"line":46,"column":22}},"21":{"start":{"line":47,"column":8},"end":{"line":49,"column":11}},"22":{"start":{"line":48,"column":12},"end":{"line":48,"column":39}},"23":{"start":{"line":51,"column":8},"end":{"line":51,"column":22}},"24":{"start":{"line":56,"column":8},"end":{"line":56,"column":62}},"25":{"start":{"line":61,"column":24},"end":{"line":61,"column":26}},"26":{"start":{"line":62,"column":8},"end":{"line":66,"column":11}},"27":{"start":{"line":63,"column":12},"end":{"line":65,"column":13}},"28":{"start":{"line":64,"column":16},"end":{"line":64,"column":37}},"29":{"start":{"line":67,"column":8},"end":{"line":67,"column":30}},"30":{"start":{"line":72,"column":8},"end":{"line":72,"column":28}},"31":{"start":{"line":73,"column":8},"end":{"line":75,"column":11}},"32":{"start":{"line":74,"column":12},"end":{"line":74,"column":36}},"33":{"start":{"line":79,"column":8},"end":{"line":79,"column":21}},"34":{"start":{"line":82,"column":0},"end":{"line":82,"column":23}}},"fnMap":{"0":{"name":"(anonymous_0)","decl":{"start":{"line":6,"column":4},"end":{"line":6,"column":5}},"loc":{"start":{"line":6,"column":33},"end":{"line":11,"column":5}},"line":6},"1":{"name":"(anonymous_1)","decl":{"start":{"line":12,"column":4},"end":{"line":12,"column":5}},"loc":{"start":{"line":12,"column":14},"end":{"line":14,"column":5}},"line":12},"2":{"name":"(anonymous_2)","decl":{"start":{"line":15,"column":4},"end":{"line":15,"column":5}},"loc":{"start":{"line":15,"column":21},"end":{"line":17,"column":5}},"line":15},"3":{"name":"(anonymous_3)","decl":{"start":{"line":18,"column":4},"end":{"line":18,"column":5}},"loc":{"start":{"line":18,"column":19},"end":{"line":20,"column":5}},"line":18},"4":{"name":"(anonymous_4)","decl":{"start":{"line":21,"column":4},"end":{"line":21,"column":5}},"loc":{"start":{"line":21,"column":22},"end":{"line":23,"column":5}},"line":21},"5":{"name":"(anonymous_5)","decl":{"start":{"line":25,"column":4},"end":{"line":25,"column":5}},"loc":{"start":{"line":25,"column":15},"end":{"line":27,"column":5}},"line":25},"6":{"name":"(anonymous_6)","decl":{"start":{"line":26,"column":30},"end":{"line":26,"column":31}},"loc":{"start":{"line":26,"column":40},"end":{"line":26,"column":56}},"line":26},"7":{"name":"(anonymous_7)","decl":{"start":{"line":28,"column":4},"end":{"line":28,"column":5}},"loc":{"start":{"line":28,"column":19},"end":{"line":41,"column":5}},"line":28},"8":{"name":"(anonymous_8)","decl":{"start":{"line":34,"column":73},"end":{"line":34,"column":74}},"loc":{"start":{"line":34,"column":83},"end":{"line":38,"column":9}},"line":34},"9":{"name":"(anonymous_9)","decl":{"start":{"line":42,"column":4},"end":{"line":42,"column":5}},"loc":{"start":{"line":42,"column":24},"end":{"line":52,"column":5}},"line":42},"10":{"name":"(anonymous_10)","decl":{"start":{"line":47,"column":31},"end":{"line":47,"column":32}},"loc":{"start":{"line":47,"column":37},"end":{"line":49,"column":9}},"line":47},"11":{"name":"(anonymous_11)","decl":{"start":{"line":54,"column":4},"end":{"line":54,"column":5}},"loc":{"start":{"line":54,"column":18},"end":{"line":57,"column":5}},"line":54},"12":{"name":"(anonymous_12)","decl":{"start":{"line":59,"column":4},"end":{"line":59,"column":5}},"loc":{"start":{"line":59,"column":19},"end":{"line":68,"column":5}},"line":59},"13":{"name":"(anonymous_13)","decl":{"start":{"line":62,"column":73},"end":{"line":62,"column":74}},"loc":{"start":{"line":62,"column":83},"end":{"line":66,"column":9}},"line":62},"14":{"name":"(anonymous_14)","decl":{"start":{"line":70,"column":4},"end":{"line":70,"column":5}},"loc":{"start":{"line":70,"column":23},"end":{"line":76,"column":5}},"line":70},"15":{"name":"(anonymous_15)","decl":{"start":{"line":73,"column":78},"end":{"line":73,"column":79}},"loc":{"start":{"line":73,"column":86},"end":{"line":75,"column":9}},"line":73},"16":{"name":"(anonymous_16)","decl":{"start":{"line":78,"column":4},"end":{"line":78,"column":5}},"loc":{"start":{"line":78,"column":25},"end":{"line":80,"column":5}},"line":78}},"branchMap":{"0":{"loc":{"start":{"line":30,"column":8},"end":{"line":32,"column":9}},"type":"if","locations":[{"start":{"line":30,"column":8},"end":{"line":32,"column":9}},{"start":{},"end":{}}],"line":30},"1":{"loc":{"start":{"line":34,"column":8},"end":{"line":38,"column":10}},"type":"cond-expr","locations":[{"start":{"line":34,"column":53},"end":{"line":34,"column":59}},{"start":{"line":34,"column":62},"end":{"line":38,"column":10}}],"line":34},"2":{"loc":{"start":{"line":34,"column":8},"end":{"line":34,"column":50}},"type":"binary-expr","locations":[{"start":{"line":34,"column":8},"end":{"line":34,"column":33}},{"start":{"line":34,"column":37},"end":{"line":34,"column":50}}],"line":34},"3":{"loc":{"start":{"line":35,"column":12},"end":{"line":37,"column":13}},"type":"if","locations":[{"start":{"line":35,"column":12},"end":{"line":37,"column":13}},{"start":{},"end":{}}],"line":35},"4":{"loc":{"start":{"line":43,"column":8},"end":{"line":45,"column":9}},"type":"if","locations":[{"start":{"line":43,"column":8},"end":{"line":45,"column":9}},{"start":{},"end":{}}],"line":43},"5":{"loc":{"start":{"line":62,"column":8},"end":{"line":66,"column":10}},"type":"cond-expr","locations":[{"start":{"line":62,"column":53},"end":{"line":62,"column":59}},{"start":{"line":62,"column":62},"end":{"line":66,"column":10}}],"line":62},"6":{"loc":{"start":{"line":62,"column":8},"end":{"line":62,"column":50}},"type":"binary-expr","locations":[{"start":{"line":62,"column":8},"end":{"line":62,"column":33}},{"start":{"line":62,"column":37},"end":{"line":62,"column":50}}],"line":62},"7":{"loc":{"start":{"line":63,"column":12},"end":{"line":65,"column":13}},"type":"if","locations":[{"start":{"line":63,"column":12},"end":{"line":65,"column":13}},{"start":{},"end":{}}],"line":63},"8":{"loc":{"start":{"line":73,"column":8},"end":{"line":75,"column":10}},"type":"cond-expr","locations":[{"start":{"line":73,"column":58},"end":{"line":73,"column":64}},{"start":{"line":73,"column":67},"end":{"line":75,"column":10}}],"line":73},"9":{"loc":{"start":{"line":73,"column":8},"end":{"line":73,"column":55}},"type":"binary-expr","locations":[{"start":{"line":73,"column":8},"end":{"line":73,"column":38}},{"start":{"line":73,"column":42},"end":{"line":73,"column":55}}],"line":73}},"s":{"0":1,"1":1,"2":5,"3":5,"4":5,"5":1,"6":0,"7":1,"8":1,"9":0,"10":0,"11":6,"12":2,"13":4,"14":4,"15":12,"16":5,"17":4,"18":6,"19":4,"20":2,"21":2,"22":5,"23":2,"24":6,"25":0,"26":0,"27":0,"28":0,"29":0,"30":0,"31":0,"32":0,"33":1,"34":1},"f":{"0":5,"1":1,"2":0,"3":1,"4":1,"5":0,"6":0,"7":6,"8":12,"9":6,"10":5,"11":6,"12":0,"13":0,"14":0,"15":0,"16":1},"b":{"0":[2,4],"1":[0,4],"2":[4,4],"3":[5,7],"4":[4,2],"5":[0,0],"6":[0,0],"7":[0,0],"8":[0,0],"9":[0,0]},"inputSourceMap":null,"_coverageSchema":"1a1c01bbd47fc00a2c39e90264f33305004495a9","hash":"8371fb841be41e275ce83f0c6b9f828fb846624a"}
,"/Users/carolinehughes/nu/cs4530/hw1-handout/dist/Venusian.js": {"path":"/Users/carolinehughes/nu/cs4530/hw1-handout/dist/Venusian.js","statementMap":{"0":{"start":{"line":2,"column":0},"end":{"line":2,"column":62}},"1":{"start":{"line":3,"column":15},"end":{"line":3,"column":30}},"2":{"start":{"line":6,"column":8},"end":{"line":6,"column":25}},"3":{"start":{"line":7,"column":8},"end":{"line":7,"column":65}},"4":{"start":{"line":10,"column":8},"end":{"line":10,"column":25}},"5":{"start":{"line":13,"column":8},"end":{"line":13,"column":24}},"6":{"start":{"line":16,"column":8},"end":{"line":16,"column":42}},"7":{"start":{"line":19,"column":0},"end":{"line":19,"column":27}}},"fnMap":{"0":{"name":"(anonymous_0)","decl":{"start":{"line":5,"column":4},"end":{"line":5,"column":5}},"loc":{"start":{"line":5,"column":22},"end":{"line":8,"column":5}},"line":5},"1":{"name":"(anonymous_1)","decl":{"start":{"line":9,"column":4},"end":{"line":9,"column":5}},"loc":{"start":{"line":9,"column":14},"end":{"line":11,"column":5}},"line":9},"2":{"name":"(anonymous_2)","decl":{"start":{"line":12,"column":4},"end":{"line":12,"column":5}},"loc":{"start":{"line":12,"column":13},"end":{"line":14,"column":5}},"line":12},"3":{"name":"(anonymous_3)","decl":{"start":{"line":15,"column":4},"end":{"line":15,"column":5}},"loc":{"start":{"line":15,"column":14},"end":{"line":17,"column":5}},"line":15}},"branchMap":{},"s":{"0":1,"1":1,"2":4,"3":4,"4":13,"5":1,"6":12,"7":1},"f":{"0":4,"1":13,"2":1,"3":12},"b":{},"inputSourceMap":null,"_coverageSchema":"1a1c01bbd47fc00a2c39e90264f33305004495a9","hash":"6fbcc4a3f16fabae13ed7129e6a483f13a99708e"}
,"/Users/carolinehughes/nu/cs4530/hw1-handout/src/Venusian.js": {"path":"/Users/carolinehughes/nu/cs4530/hw1-handout/src/Venusian.js","statementMap":{"0":{"start":{"line":2,"column":0},"end":{"line":2,"column":26}},"1":{"start":{"line":3,"column":13},"end":{"line":3,"column":28}},"2":{"start":{"line":4,"column":30},"end":{"line":19,"column":3}},"3":{"start":{"line":6,"column":8},"end":{"line":6,"column":25}},"4":{"start":{"line":7,"column":8},"end":{"line":7,"column":65}},"5":{"start":{"line":9,"column":4},"end":{"line":11,"column":6}},"6":{"start":{"line":10,"column":8},"end":{"line":10,"column":25}},"7":{"start":{"line":12,"column":4},"end":{"line":14,"column":6}},"8":{"start":{"line":13,"column":8},"end":{"line":13,"column":24}},"9":{"start":{"line":15,"column":4},"end":{"line":17,"column":6}},"10":{"start":{"line":16,"column":8},"end":{"line":16,"column":42}},"11":{"start":{"line":18,"column":4},"end":{"line":18,"column":20}},"12":{"start":{"line":20,"column":0},"end":{"line":20,"column":30}}},"fnMap":{"0":{"name":"(anonymous_0)","decl":{"start":{"line":4,"column":30},"end":{"line":4,"column":31}},"loc":{"start":{"line":4,"column":42},"end":{"line":19,"column":1}},"line":4},"1":{"name":"Venusian","decl":{"start":{"line":5,"column":13},"end":{"line":5,"column":21}},"loc":{"start":{"line":5,"column":28},"end":{"line":8,"column":5}},"line":5},"2":{"name":"(anonymous_2)","decl":{"start":{"line":9,"column":33},"end":{"line":9,"column":34}},"loc":{"start":{"line":9,"column":45},"end":{"line":11,"column":5}},"line":9},"3":{"name":"(anonymous_3)","decl":{"start":{"line":12,"column":32},"end":{"line":12,"column":33}},"loc":{"start":{"line":12,"column":44},"end":{"line":14,"column":5}},"line":12},"4":{"name":"(anonymous_4)","decl":{"start":{"line":15,"column":33},"end":{"line":15,"column":34}},"loc":{"start":{"line":15,"column":45},"end":{"line":17,"column":5}},"line":15}},"branchMap":{},"s":{"0":1,"1":1,"2":1,"3":4,"4":4,"5":1,"6":13,"7":1,"8":1,"9":1,"10":12,"11":1,"12":1},"f":{"0":1,"1":4,"2":13,"3":1,"4":12},"b":{},"inputSourceMap":null,"_coverageSchema":"1a1c01bbd47fc00a2c39e90264f33305004495a9","hash":"01909e9a0a4fd8626809172d3d5498a02294ce2e"}
,"/Users/carolinehughes/nu/cs4530/hw1-handout/src/ship.js": {"path":"/Users/carolinehughes/nu/cs4530/hw1-handout/src/ship.js","statementMap":{"0":{"start":{"line":2,"column":0},"end":{"line":2,"column":26}},"1":{"start":{"line":4,"column":13},"end":{"line":4,"column":28}},"2":{"start":{"line":5,"column":26},"end":{"line":82,"column":3}},"3":{"start":{"line":7,"column":8},"end":{"line":7,"column":25}},"4":{"start":{"line":8,"column":8},"end":{"line":8,"column":35}},"5":{"start":{"line":10,"column":8},"end":{"line":10,"column":65}},"6":{"start":{"line":12,"column":4},"end":{"line":14,"column":6}},"7":{"start":{"line":13,"column":8},"end":{"line":13,"column":25}},"8":{"start":{"line":15,"column":4},"end":{"line":17,"column":6}},"9":{"start":{"line":16,"column":8},"end":{"line":16,"column":28}},"10":{"start":{"line":18,"column":4},"end":{"line":20,"column":6}},"11":{"start":{"line":19,"column":8},"end":{"line":19,"column":30}},"12":{"start":{"line":21,"column":4},"end":{"line":23,"column":6}},"13":{"start":{"line":22,"column":8},"end":{"line":22,"column":24}},"14":{"start":{"line":25,"column":4},"end":{"line":27,"column":6}},"15":{"start":{"line":26,"column":8},"end":{"line":26,"column":78}},"16":{"start":{"line":26,"column":50},"end":{"line":26,"column":74}},"17":{"start":{"line":28,"column":4},"end":{"line":41,"column":6}},"18":{"start":{"line":30,"column":8},"end":{"line":32,"column":9}},"19":{"start":{"line":31,"column":12},"end":{"line":31,"column":21}},"20":{"start":{"line":33,"column":20},"end":{"line":33,"column":21}},"21":{"start":{"line":34,"column":8},"end":{"line":38,"column":11}},"22":{"start":{"line":35,"column":12},"end":{"line":37,"column":13}},"23":{"start":{"line":36,"column":16},"end":{"line":36,"column":27}},"24":{"start":{"line":40,"column":8},"end":{"line":40,"column":21}},"25":{"start":{"line":42,"column":4},"end":{"line":52,"column":6}},"26":{"start":{"line":43,"column":8},"end":{"line":45,"column":9}},"27":{"start":{"line":44,"column":12},"end":{"line":44,"column":21}},"28":{"start":{"line":46,"column":21},"end":{"line":46,"column":22}},"29":{"start":{"line":47,"column":8},"end":{"line":49,"column":11}},"30":{"start":{"line":48,"column":12},"end":{"line":48,"column":39}},"31":{"start":{"line":51,"column":8},"end":{"line":51,"column":22}},"32":{"start":{"line":54,"column":4},"end":{"line":57,"column":6}},"33":{"start":{"line":56,"column":8},"end":{"line":56,"column":62}},"34":{"start":{"line":59,"column":4},"end":{"line":68,"column":6}},"35":{"start":{"line":61,"column":22},"end":{"line":61,"column":24}},"36":{"start":{"line":62,"column":8},"end":{"line":66,"column":11}},"37":{"start":{"line":63,"column":12},"end":{"line":65,"column":13}},"38":{"start":{"line":64,"column":16},"end":{"line":64,"column":37}},"39":{"start":{"line":67,"column":8},"end":{"line":67,"column":30}},"40":{"start":{"line":70,"column":4},"end":{"line":76,"column":6}},"41":{"start":{"line":72,"column":8},"end":{"line":72,"column":28}},"42":{"start":{"line":73,"column":8},"end":{"line":75,"column":11}},"43":{"start":{"line":74,"column":12},"end":{"line":74,"column":36}},"44":{"start":{"line":78,"column":4},"end":{"line":80,"column":6}},"45":{"start":{"line":79,"column":8},"end":{"line":79,"column":21}},"46":{"start":{"line":81,"column":4},"end":{"line":81,"column":16}},"47":{"start":{"line":83,"column":0},"end":{"line":83,"column":26}}},"fnMap":{"0":{"name":"(anonymous_0)","decl":{"start":{"line":5,"column":26},"end":{"line":5,"column":27}},"loc":{"start":{"line":5,"column":38},"end":{"line":82,"column":1}},"line":5},"1":{"name":"Ship","decl":{"start":{"line":6,"column":13},"end":{"line":6,"column":17}},"loc":{"start":{"line":6,"column":35},"end":{"line":11,"column":5}},"line":6},"2":{"name":"(anonymous_2)","decl":{"start":{"line":12,"column":29},"end":{"line":12,"column":30}},"loc":{"start":{"line":12,"column":41},"end":{"line":14,"column":5}},"line":12},"3":{"name":"(anonymous_3)","decl":{"start":{"line":15,"column":29},"end":{"line":15,"column":30}},"loc":{"start":{"line":15,"column":48},"end":{"line":17,"column":5}},"line":15},"4":{"name":"(anonymous_4)","decl":{"start":{"line":18,"column":34},"end":{"line":18,"column":35}},"loc":{"start":{"line":18,"column":46},"end":{"line":20,"column":5}},"line":18},"5":{"name":"(anonymous_5)","decl":{"start":{"line":21,"column":37},"end":{"line":21,"column":38}},"loc":{"start":{"line":21,"column":49},"end":{"line":23,"column":5}},"line":21},"6":{"name":"(anonymous_6)","decl":{"start":{"line":25,"column":30},"end":{"line":25,"column":31}},"loc":{"start":{"line":25,"column":42},"end":{"line":27,"column":5}},"line":25},"7":{"name":"(anonymous_7)","decl":{"start":{"line":26,"column":30},"end":{"line":26,"column":31}},"loc":{"start":{"line":26,"column":48},"end":{"line":26,"column":76}},"line":26},"8":{"name":"(anonymous_8)","decl":{"start":{"line":28,"column":34},"end":{"line":28,"column":35}},"loc":{"start":{"line":28,"column":46},"end":{"line":41,"column":5}},"line":28},"9":{"name":"(anonymous_9)","decl":{"start":{"line":34,"column":73},"end":{"line":34,"column":74}},"loc":{"start":{"line":34,"column":91},"end":{"line":38,"column":9}},"line":34},"10":{"name":"(anonymous_10)","decl":{"start":{"line":42,"column":39},"end":{"line":42,"column":40}},"loc":{"start":{"line":42,"column":51},"end":{"line":52,"column":5}},"line":42},"11":{"name":"(anonymous_11)","decl":{"start":{"line":47,"column":31},"end":{"line":47,"column":32}},"loc":{"start":{"line":47,"column":45},"end":{"line":49,"column":9}},"line":47},"12":{"name":"(anonymous_12)","decl":{"start":{"line":54,"column":33},"end":{"line":54,"column":34}},"loc":{"start":{"line":54,"column":45},"end":{"line":57,"column":5}},"line":54},"13":{"name":"(anonymous_13)","decl":{"start":{"line":59,"column":34},"end":{"line":59,"column":35}},"loc":{"start":{"line":59,"column":46},"end":{"line":68,"column":5}},"line":59},"14":{"name":"(anonymous_14)","decl":{"start":{"line":62,"column":73},"end":{"line":62,"column":74}},"loc":{"start":{"line":62,"column":91},"end":{"line":66,"column":9}},"line":62},"15":{"name":"(anonymous_15)","decl":{"start":{"line":70,"column":38},"end":{"line":70,"column":39}},"loc":{"start":{"line":70,"column":50},"end":{"line":76,"column":5}},"line":70},"16":{"name":"(anonymous_16)","decl":{"start":{"line":73,"column":78},"end":{"line":73,"column":79}},"loc":{"start":{"line":73,"column":94},"end":{"line":75,"column":9}},"line":73},"17":{"name":"(anonymous_17)","decl":{"start":{"line":78,"column":40},"end":{"line":78,"column":41}},"loc":{"start":{"line":78,"column":52},"end":{"line":80,"column":5}},"line":78}},"branchMap":{"0":{"loc":{"start":{"line":30,"column":8},"end":{"line":32,"column":9}},"type":"if","locations":[{"start":{"line":30,"column":8},"end":{"line":32,"column":9}},{"start":{},"end":{}}],"line":30},"1":{"loc":{"start":{"line":34,"column":8},"end":{"line":38,"column":10}},"type":"cond-expr","locations":[{"start":{"line":34,"column":53},"end":{"line":34,"column":59}},{"start":{"line":34,"column":62},"end":{"line":38,"column":10}}],"line":34},"2":{"loc":{"start":{"line":34,"column":8},"end":{"line":34,"column":50}},"type":"binary-expr","locations":[{"start":{"line":34,"column":8},"end":{"line":34,"column":33}},{"start":{"line":34,"column":37},"end":{"line":34,"column":50}}],"line":34},"3":{"loc":{"start":{"line":35,"column":12},"end":{"line":37,"column":13}},"type":"if","locations":[{"start":{"line":35,"column":12},"end":{"line":37,"column":13}},{"start":{},"end":{}}],"line":35},"4":{"loc":{"start":{"line":43,"column":8},"end":{"line":45,"column":9}},"type":"if","locations":[{"start":{"line":43,"column":8},"end":{"line":45,"column":9}},{"start":{},"end":{}}],"line":43},"5":{"loc":{"start":{"line":62,"column":8},"end":{"line":66,"column":10}},"type":"cond-expr","locations":[{"start":{"line":62,"column":53},"end":{"line":62,"column":59}},{"start":{"line":62,"column":62},"end":{"line":66,"column":10}}],"line":62},"6":{"loc":{"start":{"line":62,"column":8},"end":{"line":62,"column":50}},"type":"binary-expr","locations":[{"start":{"line":62,"column":8},"end":{"line":62,"column":33}},{"start":{"line":62,"column":37},"end":{"line":62,"column":50}}],"line":62},"7":{"loc":{"start":{"line":63,"column":12},"end":{"line":65,"column":13}},"type":"if","locations":[{"start":{"line":63,"column":12},"end":{"line":65,"column":13}},{"start":{},"end":{}}],"line":63},"8":{"loc":{"start":{"line":73,"column":8},"end":{"line":75,"column":10}},"type":"cond-expr","locations":[{"start":{"line":73,"column":58},"end":{"line":73,"column":64}},{"start":{"line":73,"column":67},"end":{"line":75,"column":10}}],"line":73},"9":{"loc":{"start":{"line":73,"column":8},"end":{"line":73,"column":55}},"type":"binary-expr","locations":[{"start":{"line":73,"column":8},"end":{"line":73,"column":38}},{"start":{"line":73,"column":42},"end":{"line":73,"column":55}}],"line":73}},"s":{"0":1,"1":1,"2":1,"3":5,"4":5,"5":5,"6":1,"7":1,"8":1,"9":0,"10":1,"11":1,"12":1,"13":1,"14":1,"15":0,"16":0,"17":1,"18":6,"19":2,"20":4,"21":4,"22":12,"23":5,"24":4,"25":1,"26":6,"27":4,"28":2,"29":2,"30":5,"31":2,"32":1,"33":6,"34":1,"35":0,"36":0,"37":0,"38":0,"39":0,"40":1,"41":0,"42":0,"43":0,"44":1,"45":1,"46":1,"47":1},"f":{"0":1,"1":5,"2":1,"3":0,"4":1,"5":1,"6":0,"7":0,"8":6,"9":12,"10":6,"11":5,"12":6,"13":0,"14":0,"15":0,"16":0,"17":1},"b":{"0":[2,4],"1":[0,4],"2":[4,4],"3":[5,7],"4":[4,2],"5":[0,0],"6":[0,0],"7":[0,0],"8":[0,0],"9":[0,0]},"inputSourceMap":null,"_coverageSchema":"1a1c01bbd47fc00a2c39e90264f33305004495a9","hash":"d95975ff0330db3bba9b2c64a76c1482da7c4195"}
}
