TN:
SF:dist/Ship.js
FN:6,(anonymous_0)
FN:12,(anonymous_1)
FN:15,(anonymous_2)
FN:18,(anonymous_3)
FN:21,(anonymous_4)
FN:25,(anonymous_5)
FN:26,(anonymous_6)
FN:28,(anonymous_7)
FN:34,(anonymous_8)
FN:42,(anonymous_9)
FN:47,(anonymous_10)
FN:54,(anonymous_11)
FN:59,(anonymous_12)
FN:62,(anonymous_13)
FN:70,(anonymous_14)
FN:73,(anonymous_15)
FN:78,(anonymous_16)
FNF:17
FNH:10
FNDA:5,(anonymous_0)
FNDA:1,(anonymous_1)
FNDA:0,(anonymous_2)
FNDA:1,(anonymous_3)
FNDA:1,(anonymous_4)
FNDA:0,(anonymous_5)
FNDA:0,(anonymous_6)
FNDA:6,(anonymous_7)
FNDA:12,(anonymous_8)
FNDA:6,(anonymous_9)
FNDA:5,(anonymous_10)
FNDA:6,(anonymous_11)
FNDA:0,(anonymous_12)
FNDA:0,(anonymous_13)
FNDA:0,(anonymous_14)
FNDA:0,(anonymous_15)
FNDA:1,(anonymous_16)
DA:2,1
DA:4,1
DA:7,5
DA:8,5
DA:10,5
DA:13,1
DA:16,0
DA:19,1
DA:22,1
DA:26,0
DA:30,6
DA:31,2
DA:33,4
DA:34,4
DA:35,12
DA:36,5
DA:40,4
DA:43,6
DA:44,4
DA:46,2
DA:47,2
DA:48,5
DA:51,2
DA:56,6
DA:61,0
DA:62,0
DA:63,0
DA:64,0
DA:67,0
DA:72,0
DA:73,0
DA:74,0
DA:79,1
DA:82,1
LF:34
LH:24
BRDA:30,0,0,2
BRDA:30,0,1,4
BRDA:34,1,0,0
BRDA:34,1,1,4
BRDA:34,2,0,4
BRDA:34,2,1,4
BRDA:35,3,0,5
BRDA:35,3,1,7
BRDA:43,4,0,4
BRDA:43,4,1,2
BRDA:62,5,0,0
BRDA:62,5,1,0
BRDA:62,6,0,0
BRDA:62,6,1,0
BRDA:63,7,0,0
BRDA:63,7,1,0
BRDA:73,8,0,0
BRDA:73,8,1,0
BRDA:73,9,0,0
BRDA:73,9,1,0
BRF:20
BRH:9
end_of_record
TN:
SF:dist/Venusian.js
FN:5,(anonymous_0)
FN:9,(anonymous_1)
FN:12,(anonymous_2)
FN:15,(anonymous_3)
FNF:4
FNH:4
FNDA:4,(anonymous_0)
FNDA:13,(anonymous_1)
FNDA:1,(anonymous_2)
FNDA:12,(anonymous_3)
DA:2,1
DA:3,1
DA:6,4
DA:7,4
DA:10,13
DA:13,1
DA:16,12
DA:19,1
LF:8
LH:8
BRF:0
BRH:0
end_of_record
TN:
SF:src/Venusian.js
FN:4,(anonymous_0)
FN:5,Venusian
FN:9,(anonymous_2)
FN:12,(anonymous_3)
FN:15,(anonymous_4)
FNF:5
FNH:5
FNDA:1,(anonymous_0)
FNDA:4,Venusian
FNDA:13,(anonymous_2)
FNDA:1,(anonymous_3)
FNDA:12,(anonymous_4)
DA:2,1
DA:3,1
DA:4,1
DA:6,4
DA:7,4
DA:9,1
DA:10,13
DA:12,1
DA:13,1
DA:15,1
DA:16,12
DA:18,1
DA:20,1
LF:13
LH:13
BRF:0
BRH:0
end_of_record
TN:
SF:src/ship.js
FN:5,(anonymous_0)
FN:6,Ship
FN:12,(anonymous_2)
FN:15,(anonymous_3)
FN:18,(anonymous_4)
FN:21,(anonymous_5)
FN:25,(anonymous_6)
FN:26,(anonymous_7)
FN:28,(anonymous_8)
FN:34,(anonymous_9)
FN:42,(anonymous_10)
FN:47,(anonymous_11)
FN:54,(anonymous_12)
FN:59,(anonymous_13)
FN:62,(anonymous_14)
FN:70,(anonymous_15)
FN:73,(anonymous_16)
FN:78,(anonymous_17)
FNF:18
FNH:11
FNDA:1,(anonymous_0)
FNDA:5,Ship
FNDA:1,(anonymous_2)
FNDA:0,(anonymous_3)
FNDA:1,(anonymous_4)
FNDA:1,(anonymous_5)
FNDA:0,(anonymous_6)
FNDA:0,(anonymous_7)
FNDA:6,(anonymous_8)
FNDA:12,(anonymous_9)
FNDA:6,(anonymous_10)
FNDA:5,(anonymous_11)
FNDA:6,(anonymous_12)
FNDA:0,(anonymous_13)
FNDA:0,(anonymous_14)
FNDA:0,(anonymous_15)
FNDA:0,(anonymous_16)
FNDA:1,(anonymous_17)
DA:2,1
DA:4,1
DA:5,1
DA:7,5
DA:8,5
DA:10,5
DA:12,1
DA:13,1
DA:15,1
DA:16,0
DA:18,1
DA:19,1
DA:21,1
DA:22,1
DA:25,1
DA:26,0
DA:28,1
DA:30,6
DA:31,2
DA:33,4
DA:34,4
DA:35,12
DA:36,5
DA:40,4
DA:42,1
DA:43,6
DA:44,4
DA:46,2
DA:47,2
DA:48,5
DA:51,2
DA:54,1
DA:56,6
DA:59,1
DA:61,0
DA:62,0
DA:63,0
DA:64,0
DA:67,0
DA:70,1
DA:72,0
DA:73,0
DA:74,0
DA:78,1
DA:79,1
DA:81,1
DA:83,1
LF:47
LH:37
BRDA:30,0,0,2
BRDA:30,0,1,4
BRDA:34,1,0,0
BRDA:34,1,1,4
BRDA:34,2,0,4
BRDA:34,2,1,4
BRDA:35,3,0,5
BRDA:35,3,1,7
BRDA:43,4,0,4
BRDA:43,4,1,2
BRDA:62,5,0,0
BRDA:62,5,1,0
BRDA:62,6,0,0
BRDA:62,6,1,0
BRDA:63,7,0,0
BRDA:63,7,1,0
BRDA:73,8,0,0
BRDA:73,8,1,0
BRDA:73,9,0,0
BRDA:73,9,1,0
BRF:20
BRH:9
end_of_record
